<?xml version="1.0" encoding="UTF-8"?>
<!-- Generated by org.testng.reporters.JUnitReportReporter -->
<testsuite hostname="WKWEJ467607980" failures="0" tests="5" name="testrunner.RunnerTests" time="56.158" errors="0" timestamp="2025-02-18T18:24:53 IST" skipped="0">
  <testcase classname="testrunner.RunnerTests" name="runScenario" time="1.240"/>
  <system-out/>
  <testcase classname="testrunner.RunnerTests" name="runScenario" time="11.973"/>
  <system-out/>
  <testcase classname="testrunner.RunnerTests" name="runScenario" time="0.150"/>
  <system-out/>
  <testcase classname="testrunner.RunnerTests" name="runScenario" time="41.834"/>
  <system-out/>
  <testcase classname="testrunner.RunnerTests" name="runScenario" time="0.961"/>
  <system-out/>
</testsuite> <!-- testrunner.RunnerTests -->
